{"C:\\Users\\dwhitney\\Documents\\git work area\\jest-ts-template\\src\\app\\Utils.ts": {"path":"C:\\Users\\dwhitney\\Documents\\git work area\\jest-ts-template\\src\\app\\Utils.ts","statementMap":{"0":{"start":{"line":3,"column":8},"end":{"line":3,"column":18}},"1":{"start":{"line":1,"column":0},"end":{"line":1,"column":13}}},"fnMap":{"0":{"name":"(anonymous_0)","decl":{"start":{"line":2,"column":11},"end":{"line":2,"column":17}},"loc":{"start":{"line":2,"column":41},"end":{"line":4,"column":5}}}},"branchMap":{},"s":{"0":1,"1":1},"f":{"0":1},"b":{}}
,"C:\\Users\\dwhitney\\Documents\\git work area\\jest-ts-template\\src\\app\\index.ts": {"path":"C:\\Users\\dwhitney\\Documents\\git work area\\jest-ts-template\\src\\app\\index.ts","statementMap":{"0":{"start":{"line":1,"column":0},"end":{"line":1,"column":null}}},"fnMap":{},"branchMap":{},"s":{"0":0},"f":{},"b":{}}
}
